2021-02-02 23:43:25,901 INFO org.springframework.boot.StartupInfoLogger [restartedMain] Starting PetclinicApplication on DESKTOP-PIT9FQ6 with PID 15380 (started by Daniel Rico Ostos in C:\Users\Daniel Rico Ostos\OneDrive - UNIVERSIDAD DE SEVILLA\Datos programas\3o IIS\eclipse-workspace\java-workspace-dp1\dp1-2020-g3-07)
2021-02-02 23:43:25,907 INFO org.springframework.boot.SpringApplication [restartedMain] No active profile set, falling back to default profiles: default
2021-02-02 23:43:25,995 INFO org.springframework.boot.logging.DeferredLog [restartedMain] The Class-Path manifest attribute in C:\Users\Daniel Rico Ostos\.m2\repository\org\glassfish\jaxb\jaxb-runtime\2.3.2\jaxb-runtime-2.3.2.jar referenced one or more files that do not exist: file:/C:/Users/Daniel%20Rico%20Ostos/.m2/repository/org/glassfish/jaxb/jaxb-runtime/2.3.2/jakarta.xml.bind-api-2.3.2.jar,file:/C:/Users/Daniel%20Rico%20Ostos/.m2/repository/org/glassfish/jaxb/jaxb-runtime/2.3.2/txw2-2.3.2.jar,file:/C:/Users/Daniel%20Rico%20Ostos/.m2/repository/org/glassfish/jaxb/jaxb-runtime/2.3.2/istack-commons-runtime-3.0.8.jar,file:/C:/Users/Daniel%20Rico%20Ostos/.m2/repository/org/glassfish/jaxb/jaxb-runtime/2.3.2/stax-ex-1.8.1.jar,file:/C:/Users/Daniel%20Rico%20Ostos/.m2/repository/org/glassfish/jaxb/jaxb-runtime/2.3.2/FastInfoset-1.2.16.jar,file:/C:/Users/Daniel%20Rico%20Ostos/.m2/repository/org/glassfish/jaxb/jaxb-runtime/2.3.2/jakarta.activation-api-1.2.1.jar
2021-02-02 23:43:26,002 INFO org.springframework.boot.logging.DeferredLog [restartedMain] Devtools property defaults active! Set 'spring.devtools.add-properties' to 'false' to disable
2021-02-02 23:43:26,003 INFO org.springframework.boot.logging.DeferredLog [restartedMain] For additional web related logging consider setting the 'logging.level.web' property to 'DEBUG'
2021-02-02 23:43:27,549 INFO org.springframework.data.repository.config.RepositoryConfigurationDelegate [restartedMain] Bootstrapping Spring Data JPA repositories in DEFAULT mode.
2021-02-02 23:43:27,933 INFO org.springframework.data.repository.config.RepositoryConfigurationDelegate [restartedMain] Finished Spring Data repository scanning in 360ms. Found 17 JPA repository interfaces.
2021-02-02 23:43:28,884 INFO org.springframework.context.support.PostProcessorRegistrationDelegate$BeanPostProcessorChecker [restartedMain] Bean 'org.springframework.transaction.annotation.ProxyTransactionManagementConfiguration' of type [org.springframework.transaction.annotation.ProxyTransactionManagementConfiguration] is not eligible for getting processed by all BeanPostProcessors (for example: not eligible for auto-proxying)
2021-02-02 23:43:29,659 INFO org.springframework.boot.web.embedded.tomcat.TomcatWebServer [restartedMain] Tomcat initialized with port(s): 8085 (http)
2021-02-02 23:43:29,679 INFO org.apache.juli.logging.DirectJDKLog [restartedMain] Initializing ProtocolHandler ["http-nio-8085"]
2021-02-02 23:43:29,680 INFO org.apache.juli.logging.DirectJDKLog [restartedMain] Starting service [Tomcat]
2021-02-02 23:43:29,680 INFO org.apache.juli.logging.DirectJDKLog [restartedMain] Starting Servlet engine: [Apache Tomcat/9.0.30]
2021-02-02 23:43:30,398 INFO org.apache.juli.logging.DirectJDKLog [restartedMain] At least one JAR was scanned for TLDs yet contained no TLDs. Enable debug logging for this logger for a complete list of JARs that were scanned but no TLDs were found in them. Skipping unneeded JARs during scanning can improve startup time and JSP compilation time.
2021-02-02 23:43:30,412 INFO org.apache.juli.logging.DirectJDKLog [restartedMain] Initializing Spring embedded WebApplicationContext
2021-02-02 23:43:30,412 INFO org.springframework.boot.web.servlet.context.ServletWebServerApplicationContext [restartedMain] Root WebApplicationContext: initialization completed in 4409 ms
2021-02-02 23:43:30,517 INFO com.zaxxer.hikari.HikariDataSource [restartedMain] HikariPool-1 - Starting...
2021-02-02 23:43:30,988 INFO com.zaxxer.hikari.HikariDataSource [restartedMain] HikariPool-1 - Start completed.
2021-02-02 23:43:31,000 INFO org.springframework.boot.autoconfigure.h2.H2ConsoleAutoConfiguration [restartedMain] H2 console available at '/h2-console'. Database available at 'jdbc:h2:mem:testdb'
2021-02-02 23:43:31,436 INFO org.hibernate.jpa.internal.util.LogHelper [restartedMain] HHH000204: Processing PersistenceUnitInfo [name: default]
2021-02-02 23:43:31,582 INFO org.hibernate.Version [restartedMain] HHH000412: Hibernate Core {5.4.10.Final}
2021-02-02 23:43:31,852 INFO org.hibernate.annotations.common.reflection.java.JavaReflectionManager [restartedMain] HCANN000001: Hibernate Commons Annotations {5.1.0.Final}
2021-02-02 23:43:32,144 INFO org.hibernate.dialect.Dialect [restartedMain] HHH000400: Using dialect: org.hibernate.dialect.H2Dialect
2021-02-02 23:43:34,165 INFO org.hibernate.engine.transaction.jta.platform.internal.JtaPlatformInitiator [restartedMain] HHH000490: Using JtaPlatform implementation: [org.hibernate.engine.transaction.jta.platform.internal.NoJtaPlatform]
2021-02-02 23:43:34,183 INFO org.springframework.orm.jpa.AbstractEntityManagerFactoryBean [restartedMain] Initialized JPA EntityManagerFactory for persistence unit 'default'
2021-02-02 23:43:34,218 INFO org.springframework.boot.devtools.autoconfigure.OptionalLiveReloadServer [restartedMain] LiveReload server is running on port 35729
2021-02-02 23:43:34,547 WARN org.springframework.boot.autoconfigure.orm.jpa.JpaBaseConfiguration$JpaWebConfiguration [restartedMain] spring.jpa.open-in-view is enabled by default. Therefore, database queries may be performed during view rendering. Explicitly configure spring.jpa.open-in-view to disable this warning
2021-02-02 23:43:36,272 INFO org.springframework.beans.factory.annotation.AutowiredAnnotationBeanPostProcessor [restartedMain] Autowired annotation is not supported on static fields: private static final java.lang.String org.springframework.samples.petclinic.web.VehiculoController.VIEWS_VEHICULO_CREATE_OR_UPDATE_FORM
2021-02-02 23:43:36,272 INFO org.springframework.beans.factory.annotation.AutowiredAnnotationBeanPostProcessor [restartedMain] Autowired annotation is not supported on static fields: private static final java.lang.String org.springframework.samples.petclinic.web.VehiculoController.VIEWS_VEHICULO_CREATE_OR_UPDATE_FORM
2021-02-02 23:43:36,603 INFO org.springframework.security.web.DefaultSecurityFilterChain [restartedMain] Creating filter chain: any request, [org.springframework.security.web.context.request.async.WebAsyncManagerIntegrationFilter@205129a7, org.springframework.security.web.context.SecurityContextPersistenceFilter@4fdb32ce, org.springframework.security.web.header.HeaderWriterFilter@1a507fb1, org.springframework.security.web.csrf.CsrfFilter@75aca26e, org.springframework.security.web.authentication.logout.LogoutFilter@4d51772b, org.springframework.security.web.authentication.UsernamePasswordAuthenticationFilter@ec32b5a, org.springframework.security.web.authentication.ui.DefaultLoginPageGeneratingFilter@4bcf5412, org.springframework.security.web.authentication.ui.DefaultLogoutPageGeneratingFilter@25536162, org.springframework.security.web.savedrequest.RequestCacheAwareFilter@338a3715, org.springframework.security.web.servletapi.SecurityContextHolderAwareRequestFilter@fa1cfa8, org.springframework.security.web.authentication.AnonymousAuthenticationFilter@4c162a13, org.springframework.security.web.session.SessionManagementFilter@54e9f586, org.springframework.security.web.access.ExceptionTranslationFilter@566eba1, org.springframework.security.web.access.intercept.FilterSecurityInterceptor@3fd5fa3b]
2021-02-02 23:43:36,827 INFO org.springframework.scheduling.concurrent.ExecutorConfigurationSupport [restartedMain] Initializing ExecutorService 'applicationTaskExecutor'
2021-02-02 23:43:38,099 INFO org.apache.juli.logging.DirectJDKLog [restartedMain] Starting ProtocolHandler ["http-nio-8085"]
2021-02-02 23:43:38,151 INFO org.springframework.boot.web.embedded.tomcat.TomcatWebServer [restartedMain] Tomcat started on port(s): 8085 (http) with context path ''
2021-02-02 23:43:38,155 INFO org.springframework.boot.StartupInfoLogger [restartedMain] Started PetclinicApplication in 12.877 seconds (JVM running for 14.002)
2021-02-02 23:43:38,160 INFO org.springframework.samples.petclinic.PetclinicApplication [restartedMain] Se ha lanzado la aplicacion
2021-02-02 23:43:51,884 INFO org.apache.juli.logging.DirectJDKLog [http-nio-8085-exec-2] Initializing Spring DispatcherServlet 'dispatcherServlet'
2021-02-02 23:43:51,884 INFO org.springframework.web.servlet.FrameworkServlet [http-nio-8085-exec-2] Initializing Servlet 'dispatcherServlet'
2021-02-02 23:43:51,900 INFO org.springframework.web.servlet.FrameworkServlet [http-nio-8085-exec-2] Completed initialization in 16 ms
2021-02-02 23:43:52,008 INFO org.springframework.samples.petclinic.web.WelcomeController [http-nio-8085-exec-2] Pagina de inicio o bienvenida del sistema
2021-02-02 23:43:58,484 INFO org.springframework.samples.petclinic.web.VehiculoController [http-nio-8085-exec-1] Se muestra el listado de vehiculos
2021-02-02 23:44:04,315 INFO org.springframework.samples.petclinic.web.VehiculoController [http-nio-8085-exec-3] Solicitud para editar el vehiculo con id = 2
2021-02-02 23:44:13,029 INFO org.springframework.samples.petclinic.web.VehiculoController [http-nio-8085-exec-4] El vehiculo con id = 2 se ha editado con exito
2021-02-02 23:44:13,053 INFO org.springframework.samples.petclinic.web.VehiculoController [http-nio-8085-exec-5] Se muestra el listado de vehiculos
2021-02-02 23:44:35,535 INFO org.springframework.samples.petclinic.web.RepartidorController [http-nio-8085-exec-6] Se muestra un listado de los repartidores
2021-02-02 23:44:38,443 INFO org.springframework.samples.petclinic.web.RepartidorController [http-nio-8085-exec-7] Se muestra informacion del repartidor con id = 1
2021-02-02 23:44:42,146 INFO org.springframework.samples.petclinic.web.RepartoController [http-nio-8085-exec-8] Se muestra informacion del reparto de id = 1
2021-02-02 23:44:48,098 INFO org.springframework.samples.petclinic.web.RepartoController [http-nio-8085-exec-9] El estado del pedido con id = 5 se ha cambiado a Entregado
2021-02-02 23:44:48,128 INFO org.springframework.samples.petclinic.web.RepartoController [http-nio-8085-exec-10] Se muestra informacion del reparto de id = 1
2021-02-02 23:44:51,655 INFO org.springframework.samples.petclinic.web.RepartoController [http-nio-8085-exec-2] Se muestran detalles del pedido con id = 4 asignado al reparto con id = 1
2021-02-02 23:44:56,264 INFO org.springframework.samples.petclinic.web.RepartoController [http-nio-8085-exec-3] Se muestra informacion del reparto de id = 1
2021-02-02 23:45:03,097 INFO org.springframework.samples.petclinic.web.RepartoController [http-nio-8085-exec-4] Se muestran detalles del pedido con id = 4 asignado al reparto con id = 1
2021-02-02 23:45:06,524 INFO org.springframework.samples.petclinic.web.RepartoController [http-nio-8085-exec-6] Se muestra informacion del reparto de id = 1
2021-02-02 23:45:08,986 INFO org.springframework.samples.petclinic.web.RepartidorController [http-nio-8085-exec-7] Se muestra un listado de los repartidores
2021-02-02 23:45:12,731 INFO org.springframework.samples.petclinic.web.VehiculoController [http-nio-8085-exec-8] Se muestra el listado de vehiculos
2021-02-02 23:45:15,073 INFO org.springframework.samples.petclinic.web.RepartidorController [http-nio-8085-exec-9] Se muestra un listado de los repartidores
2021-02-02 23:45:17,769 INFO org.springframework.samples.petclinic.web.RepartidorController [http-nio-8085-exec-10] Se muestra informacion del repartidor con id = 2
2021-02-02 23:45:20,605 INFO org.springframework.samples.petclinic.web.RepartoController [http-nio-8085-exec-2] Solicitud para realizar un nuevo reparto
2021-02-02 23:45:27,935 INFO org.springframework.samples.petclinic.web.RepartoController [http-nio-8085-exec-1] Reparto asignado al repartidor con id = 2 con exito
2021-02-02 23:45:27,960 INFO org.springframework.samples.petclinic.web.RepartidorController [http-nio-8085-exec-3] Se muestra informacion del repartidor con id = 2
2021-02-02 23:45:33,968 INFO org.springframework.samples.petclinic.web.CartaController [http-nio-8085-exec-4] Mostrando carta
2021-02-02 23:45:38,871 INFO org.springframework.samples.petclinic.web.ProductoController [http-nio-8085-exec-5] Se muestra el listado de productos
2021-02-02 23:45:45,374 INFO org.springframework.samples.petclinic.web.ProductoController [http-nio-8085-exec-6] Solicitud para crear nuevo producto
2021-02-02 23:46:10,779 INFO org.springframework.samples.petclinic.web.ProductoController [http-nio-8085-exec-7] Producto de nombre Pizza Galicia anadido con exito
2021-02-02 23:46:10,796 INFO org.springframework.samples.petclinic.web.ProductoController [http-nio-8085-exec-8] Se muestra el listado de productos
2021-02-02 23:46:14,740 INFO org.springframework.samples.petclinic.web.PedidoController [http-nio-8085-exec-9] Se muestra el listado de pedidos
2021-02-02 23:46:19,677 INFO org.springframework.samples.petclinic.web.PedidoController [http-nio-8085-exec-1] Se muestran detalles del pedido con id = 5
2021-02-02 23:46:23,770 INFO org.springframework.samples.petclinic.web.PedidoController [http-nio-8085-exec-3] Se muestra el listado de pedidos
2021-02-02 23:46:34,090 INFO org.springframework.samples.petclinic.web.EmpleadoController [http-nio-8085-exec-6] Se muestra un listado de todos los empleados dados de alta
2021-02-02 23:47:06,551 INFO org.springframework.samples.petclinic.web.CocineroController [http-nio-8085-exec-7] Solicitud para dar de alta a un cocinero
2021-02-02 23:47:17,601 INFO org.springframework.samples.petclinic.web.CocineroController [http-nio-8085-exec-8] El cocinero de nombre Ams se ha dado de alta con exito
2021-02-02 23:47:17,633 INFO org.springframework.samples.petclinic.web.EmpleadoController [http-nio-8085-exec-9] Se muestra un listado de todos los empleados dados de alta
2021-02-02 23:47:21,502 INFO org.springframework.samples.petclinic.web.RepartidorController [http-nio-8085-exec-10] Solicitud para dar de alta a un nuevo repartidor
2021-02-02 23:47:46,853 INFO org.springframework.samples.petclinic.web.RepartidorController [http-nio-8085-exec-7] Repartidor de nombre Juanjo Cacatúa dado de alta con exito
2021-02-02 23:47:46,876 INFO org.springframework.samples.petclinic.web.EmpleadoController [http-nio-8085-exec-8] Se muestra un listado de todos los empleados dados de alta
2021-02-02 23:48:02,776 INFO org.springframework.samples.petclinic.web.VehiculoController [http-nio-8085-exec-9] Se muestra el listado de vehiculos
2021-02-02 23:48:08,243 INFO org.springframework.samples.petclinic.web.RepartidorController [http-nio-8085-exec-10] Se muestra un listado de los repartidores
2021-02-02 23:48:10,171 INFO org.springframework.samples.petclinic.web.RepartidorController [http-nio-8085-exec-2] Se muestra informacion del repartidor con id = 3
2021-02-02 23:48:12,019 INFO org.springframework.samples.petclinic.web.RepartoController [http-nio-8085-exec-3] Solicitud para realizar un nuevo reparto
2021-02-02 23:48:16,248 INFO org.springframework.samples.petclinic.web.RepartoController [http-nio-8085-exec-1] Error de validacion de datos de entrada para el reparto
2021-02-02 23:48:21,599 INFO org.springframework.samples.petclinic.web.RepartoController [http-nio-8085-exec-4] Reparto asignado al repartidor con id = 3 con exito
2021-02-02 23:48:21,623 INFO org.springframework.samples.petclinic.web.RepartidorController [http-nio-8085-exec-5] Se muestra informacion del repartidor con id = 3
2021-02-02 23:48:23,994 INFO org.springframework.samples.petclinic.web.RepartoController [http-nio-8085-exec-6] Se muestra informacion del reparto de id = 3
2021-02-02 23:48:30,018 INFO org.springframework.samples.petclinic.web.RepartoController [http-nio-8085-exec-7] Se muestran detalles del pedido con id = 10 asignado al reparto con id = 3
2021-02-02 23:48:32,361 INFO org.springframework.samples.petclinic.web.RepartoController [http-nio-8085-exec-9] Se muestra informacion del reparto de id = 3
2021-02-02 23:48:34,055 INFO org.springframework.samples.petclinic.web.RepartoController [http-nio-8085-exec-10] Se muestra informacion del cliente con id = 3 asociado al reparto con id = 3
2021-02-02 23:48:37,466 INFO org.springframework.samples.petclinic.web.RepartoController [http-nio-8085-exec-3] Se muestra informacion del reparto de id = 3
2021-02-02 23:48:43,248 INFO org.springframework.samples.petclinic.web.RepartoController [http-nio-8085-exec-7] El estado del pedido con id = 8 se ha cambiado a Entregado
2021-02-02 23:48:43,267 INFO org.springframework.samples.petclinic.web.RepartoController [http-nio-8085-exec-8] Se muestra informacion del reparto de id = 3
2021-02-02 23:48:50,771 INFO org.springframework.samples.petclinic.web.VehiculoController [http-nio-8085-exec-9] Se muestra el listado de vehiculos
2021-02-02 23:50:18,882 INFO org.springframework.boot.StartupInfoLogger [restartedMain] Starting PetclinicApplication on DESKTOP-PIT9FQ6 with PID 13244 (started by Daniel Rico Ostos in C:\Users\Daniel Rico Ostos\OneDrive - UNIVERSIDAD DE SEVILLA\Datos programas\3o IIS\eclipse-workspace\java-workspace-dp1\dp1-2020-g3-07)
2021-02-02 23:50:18,885 INFO org.springframework.boot.SpringApplication [restartedMain] No active profile set, falling back to default profiles: default
2021-02-02 23:50:18,981 INFO org.springframework.boot.logging.DeferredLog [restartedMain] The Class-Path manifest attribute in C:\Users\Daniel Rico Ostos\.m2\repository\org\glassfish\jaxb\jaxb-runtime\2.3.2\jaxb-runtime-2.3.2.jar referenced one or more files that do not exist: file:/C:/Users/Daniel%20Rico%20Ostos/.m2/repository/org/glassfish/jaxb/jaxb-runtime/2.3.2/jakarta.xml.bind-api-2.3.2.jar,file:/C:/Users/Daniel%20Rico%20Ostos/.m2/repository/org/glassfish/jaxb/jaxb-runtime/2.3.2/txw2-2.3.2.jar,file:/C:/Users/Daniel%20Rico%20Ostos/.m2/repository/org/glassfish/jaxb/jaxb-runtime/2.3.2/istack-commons-runtime-3.0.8.jar,file:/C:/Users/Daniel%20Rico%20Ostos/.m2/repository/org/glassfish/jaxb/jaxb-runtime/2.3.2/stax-ex-1.8.1.jar,file:/C:/Users/Daniel%20Rico%20Ostos/.m2/repository/org/glassfish/jaxb/jaxb-runtime/2.3.2/FastInfoset-1.2.16.jar,file:/C:/Users/Daniel%20Rico%20Ostos/.m2/repository/org/glassfish/jaxb/jaxb-runtime/2.3.2/jakarta.activation-api-1.2.1.jar
2021-02-02 23:50:18,981 INFO org.springframework.boot.logging.DeferredLog [restartedMain] Devtools property defaults active! Set 'spring.devtools.add-properties' to 'false' to disable
2021-02-02 23:50:18,982 INFO org.springframework.boot.logging.DeferredLog [restartedMain] For additional web related logging consider setting the 'logging.level.web' property to 'DEBUG'
2021-02-02 23:50:20,263 INFO org.springframework.data.repository.config.RepositoryConfigurationDelegate [restartedMain] Bootstrapping Spring Data JPA repositories in DEFAULT mode.
2021-02-02 23:50:20,544 INFO org.springframework.data.repository.config.RepositoryConfigurationDelegate [restartedMain] Finished Spring Data repository scanning in 267ms. Found 17 JPA repository interfaces.
2021-02-02 23:50:21,201 INFO org.springframework.context.support.PostProcessorRegistrationDelegate$BeanPostProcessorChecker [restartedMain] Bean 'org.springframework.transaction.annotation.ProxyTransactionManagementConfiguration' of type [org.springframework.transaction.annotation.ProxyTransactionManagementConfiguration] is not eligible for getting processed by all BeanPostProcessors (for example: not eligible for auto-proxying)
2021-02-02 23:50:21,883 INFO org.springframework.boot.web.embedded.tomcat.TomcatWebServer [restartedMain] Tomcat initialized with port(s): 8085 (http)
2021-02-02 23:50:21,898 INFO org.apache.juli.logging.DirectJDKLog [restartedMain] Initializing ProtocolHandler ["http-nio-8085"]
2021-02-02 23:50:21,899 INFO org.apache.juli.logging.DirectJDKLog [restartedMain] Starting service [Tomcat]
2021-02-02 23:50:21,899 INFO org.apache.juli.logging.DirectJDKLog [restartedMain] Starting Servlet engine: [Apache Tomcat/9.0.30]
2021-02-02 23:50:22,477 INFO org.apache.juli.logging.DirectJDKLog [restartedMain] At least one JAR was scanned for TLDs yet contained no TLDs. Enable debug logging for this logger for a complete list of JARs that were scanned but no TLDs were found in them. Skipping unneeded JARs during scanning can improve startup time and JSP compilation time.
2021-02-02 23:50:22,489 INFO org.apache.juli.logging.DirectJDKLog [restartedMain] Initializing Spring embedded WebApplicationContext
2021-02-02 23:50:22,489 INFO org.springframework.boot.web.servlet.context.ServletWebServerApplicationContext [restartedMain] Root WebApplicationContext: initialization completed in 3507 ms
2021-02-02 23:50:22,575 INFO com.zaxxer.hikari.HikariDataSource [restartedMain] HikariPool-1 - Starting...
2021-02-02 23:50:22,956 INFO com.zaxxer.hikari.HikariDataSource [restartedMain] HikariPool-1 - Start completed.
2021-02-02 23:50:22,966 INFO org.springframework.boot.autoconfigure.h2.H2ConsoleAutoConfiguration [restartedMain] H2 console available at '/h2-console'. Database available at 'jdbc:h2:mem:testdb'
2021-02-02 23:50:23,255 INFO org.hibernate.jpa.internal.util.LogHelper [restartedMain] HHH000204: Processing PersistenceUnitInfo [name: default]
2021-02-02 23:50:23,428 INFO org.hibernate.Version [restartedMain] HHH000412: Hibernate Core {5.4.10.Final}
2021-02-02 23:50:23,726 INFO org.hibernate.annotations.common.reflection.java.JavaReflectionManager [restartedMain] HCANN000001: Hibernate Commons Annotations {5.1.0.Final}
2021-02-02 23:50:23,949 INFO org.hibernate.dialect.Dialect [restartedMain] HHH000400: Using dialect: org.hibernate.dialect.H2Dialect
2021-02-02 23:50:25,454 INFO org.hibernate.engine.transaction.jta.platform.internal.JtaPlatformInitiator [restartedMain] HHH000490: Using JtaPlatform implementation: [org.hibernate.engine.transaction.jta.platform.internal.NoJtaPlatform]
2021-02-02 23:50:25,468 INFO org.springframework.orm.jpa.AbstractEntityManagerFactoryBean [restartedMain] Initialized JPA EntityManagerFactory for persistence unit 'default'
2021-02-02 23:50:25,503 INFO org.springframework.boot.devtools.autoconfigure.OptionalLiveReloadServer [restartedMain] LiveReload server is running on port 35729
2021-02-02 23:50:25,795 WARN org.springframework.boot.autoconfigure.orm.jpa.JpaBaseConfiguration$JpaWebConfiguration [restartedMain] spring.jpa.open-in-view is enabled by default. Therefore, database queries may be performed during view rendering. Explicitly configure spring.jpa.open-in-view to disable this warning
2021-02-02 23:50:27,159 INFO org.springframework.beans.factory.annotation.AutowiredAnnotationBeanPostProcessor [restartedMain] Autowired annotation is not supported on static fields: private static final java.lang.String org.springframework.samples.petclinic.web.VehiculoController.VIEWS_VEHICULO_CREATE_OR_UPDATE_FORM
2021-02-02 23:50:27,159 INFO org.springframework.beans.factory.annotation.AutowiredAnnotationBeanPostProcessor [restartedMain] Autowired annotation is not supported on static fields: private static final java.lang.String org.springframework.samples.petclinic.web.VehiculoController.VIEWS_VEHICULO_CREATE_OR_UPDATE_FORM
2021-02-02 23:50:27,437 INFO org.springframework.security.web.DefaultSecurityFilterChain [restartedMain] Creating filter chain: any request, [org.springframework.security.web.context.request.async.WebAsyncManagerIntegrationFilter@6de15b47, org.springframework.security.web.context.SecurityContextPersistenceFilter@3b199d24, org.springframework.security.web.header.HeaderWriterFilter@23ad707b, org.springframework.security.web.csrf.CsrfFilter@7d924b4d, org.springframework.security.web.authentication.logout.LogoutFilter@3d3b40dc, org.springframework.security.web.authentication.UsernamePasswordAuthenticationFilter@22697175, org.springframework.security.web.authentication.ui.DefaultLoginPageGeneratingFilter@636b6bc8, org.springframework.security.web.authentication.ui.DefaultLogoutPageGeneratingFilter@7b3dbfb4, org.springframework.security.web.savedrequest.RequestCacheAwareFilter@4bc8d35b, org.springframework.security.web.servletapi.SecurityContextHolderAwareRequestFilter@5cb437b2, org.springframework.security.web.authentication.AnonymousAuthenticationFilter@2a42bc66, org.springframework.security.web.session.SessionManagementFilter@2805ed92, org.springframework.security.web.access.ExceptionTranslationFilter@3232ffb3, org.springframework.security.web.access.intercept.FilterSecurityInterceptor@20409101]
2021-02-02 23:50:27,630 INFO org.springframework.scheduling.concurrent.ExecutorConfigurationSupport [restartedMain] Initializing ExecutorService 'applicationTaskExecutor'
2021-02-02 23:50:28,717 INFO org.apache.juli.logging.DirectJDKLog [restartedMain] Starting ProtocolHandler ["http-nio-8085"]
2021-02-02 23:50:28,760 INFO org.springframework.boot.web.embedded.tomcat.TomcatWebServer [restartedMain] Tomcat started on port(s): 8085 (http) with context path ''
2021-02-02 23:50:28,764 INFO org.springframework.boot.StartupInfoLogger [restartedMain] Started PetclinicApplication in 10.409 seconds (JVM running for 11.349)
2021-02-02 23:50:28,773 INFO org.springframework.samples.petclinic.PetclinicApplication [restartedMain] Se ha lanzado la aplicacion
